<?xml version="1.0" encoding="UTF-8"?>
<testsuite name="hello.core.member.MemberServiceTest" tests="1" skipped="0" failures="0" errors="0" timestamp="2021-12-16T11:39:46" hostname="byeongyeong-yeon-ui-MacBookPro-2018.local" time="0.005">
  <properties/>
  <testcase name="join()" classname="hello.core.member.MemberServiceTest" time="0.005"/>
  <system-out><![CDATA[]]></system-out>
  <system-err><![CDATA[]]></system-err>
</testsuite>
